<p>#Adictionaryhasthefollowingsyntax</p>
<p>nomeDoDicionario={'key1':'value1','key2':'value2'}</p>
<p></p>
<p>#Exemplo</p>
<p>thisdict={</p>
<p>'brand':'Ferrari',#Inthisexamplethekeyisbrandandthevalueisferrari</p>
<p>'model':'250GTO',#Inthisexamplethekeyismodelandthevalueis250GTO</p>
<p>'year':1962#Inthisexample,thekeyisyearandvalueis1962</p>
<p>}</p>
<p></p>
<p>#Tochangeagivenkeyweusethefollowingsyntax</p>
<p>thisdict['year']=1964</p>
<p></p>
<p>#Thisistoprintthekeysofthedictionary</p>
<p>forxinthisdict:</p>
<p>print(x)</p>
<p></p>
<p>#Thisistoprintthevaluesofeachkeyofthedictionary</p>
<p>forxinthisdict:</p>
<p>print(thisdict[x])</p>
<p></p>
<p>#Thisistoprintboththekeysandtheirrespectivevaluesofthedictionary</p>
<p>forx,yinthisdict.items():</p>
<p>print(x,y)</p>
<p></p>
<p>#Toaddamembertothedictionary</p>
<p>thisdict['color']='FerrariRed'</p>
<p></p>
<p>print(thisdict)#Printsthedictionary</p>
<p></p>
<p>delthisdict['year']#Eliminatesboththekeyandthecorrespondingvalue</p>
<p></p>
<p>thisdict.pop('year')#Eliminatesboththekeyandthecorrespondingvalue</p>
<p></p>
<p>delthisdict#Eliminatesthedictionarycompletely</p>
<p></p>
<p>thisdict.clear()#Eliminatodososelementosdodicionariorestantoumdicionariovazio</p>
<p></p>
<p>#SomeMethodsofdictionaries</p>
<p></p>
<p>thisdict.clear()#Removesalltheelementsfromthedictionary</p>
<p>thisdict.copy()#Returnsacopyofthedictionary</p>
<p>thisdict.fromkeys()#Returnsadictionarywiththespecifiedkeysandvalues</p>
<p>thisdict.get()#Returnsthevalueofthespecifiedkey</p>
<p>thisdict.items()#Returnsalistcontainingtheatupleforeachkeyvaluepair</p>
<p>thisdict.keys()#Returnsalistcontianingthedictionary'skeys</p>
<p>thisdict.pop()#Removestheelementwiththespecifiedkey</p>
<p>thisdict.popitem()#Removesthelastinsertedkey-valuepair</p>
<p>thisdict.setdefault()#Returnsthevalueofthespecifiedkey.Ifthekeydoesnotexist:insertthekey,withthespecifiedvalue</p>
<p>thisdict.update()#Updatesthedictionarywiththespecifiedkey-valuepairs</p>
<p>thisdict.values()#Returnsalistofallthevaluesinthedictionar</p>
