<p>#!/usr/bin/envpython</p>
<p>#-*-coding:utf-8-*-</p>
<p></p>
<p>importsys</p>
<p></p>
<p>key=['False','True','class','finally','is','return','None','continue','for','while','if','in','lambda','try','def','from','nonlocal','and','del','global','not','with','as','elif','else','or','yield','assert','import','pass','break','except','raise']</p>
<p>sub={'':'&nbsp','&lt; ':'&lt;','&gt; ':'&gt;','\'':''','\t':'&nbsp&nbsp&nbsp&nbsp'}</p>
<p>forfileinsys.argv[1:]:</p>
<p>iffile=='h':</p>
<p>print('pythoncodeParser.pyfile1file2file3')</p>
<p>break</p>
<p></p>
<p>f=open(file,'r')</p>
<p>g=open(file+'.out','w')</p>
<p></p>
<p>forlineinf:</p>
<p>newLine='&lt; p&gt; '</p>
<p>spaces=0</p>
<p>ifline!='':</p>
<p>forcinline[:-1]:</p>
<p>ifcinsub.keys():</p>
<p></p>
<p>newLine+=sub[c]</p>
<p>spaces+=1</p>
<p></p>
<p>else:</p>
<p>newLine+=c</p>
<p></p>
<p>newLine+='&lt; /p&gt; \n'</p>
<p>tup=newLine.split(sub[''])</p>
<p>#forcolorintup:</p>
<p>#ifcolorinkey:</p>
<p>#color='&lt; fontcolor=\'#5555AE\'&gt; '+color+'&lt; /font&gt; '</p>
<p>g.write(''.join(tup))</p>
<p>else:</p>
<p>g.write('&lt; p&gt; &lt; /p&gt; ')</p>
<p>f.close()</p>
<p>g.close()</p>
<p></p>
